Release 8.2i - xst I.31
Copyright (c) 1995-2006 Xilinx, Inc.  All rights reserved.
--> Parameter TMPDIR set to ./xst/projnav.tmp
CPU : 0.00 / 0.04 s | Elapsed : 0.00 / 0.00 s
 
--> Parameter xsthdpdir set to ./xst
CPU : 0.00 / 0.04 s | Elapsed : 0.00 / 0.00 s
 
--> Reading design: CRC_16_parallel.prj

TABLE OF CONTENTS
  1) Synthesis Options Summary
  2) HDL Compilation
  3) Design Hierarchy Analysis
  4) HDL Analysis
  5) HDL Synthesis
     5.1) HDL Synthesis Report
  6) Advanced HDL Synthesis
     6.1) Advanced HDL Synthesis Report
  7) Low Level Synthesis
  8) Partition Report
  9) Final Report
     9.1) Device utilization summary
     9.2) TIMING REPORT


=========================================================================
*                      Synthesis Options Summary                        *
=========================================================================
---- Source Parameters
Input File Name                    : "CRC_16_parallel.prj"
Input Format                       : mixed
Ignore Synthesis Constraint File   : NO

---- Target Parameters
Output File Name                   : "CRC_16_parallel"
Output Format                      : NGC
Target Device                      : xc2v8000-5-ff1152

---- Source Options
Top Module Name                    : CRC_16_parallel
Automatic FSM Extraction           : YES
FSM Encoding Algorithm             : Auto
FSM Style                          : lut
RAM Extraction                     : Yes
RAM Style                          : Auto
ROM Extraction                     : Yes
Mux Style                          : Auto
Decoder Extraction                 : YES
Priority Encoder Extraction        : YES
Shift Register Extraction          : YES
Logical Shifter Extraction         : YES
XOR Collapsing                     : YES
ROM Style                          : Auto
Mux Extraction                     : YES
Resource Sharing                   : YES
Multiplier Style                   : auto
Automatic Register Balancing       : No

---- Target Options
Add IO Buffers                     : YES
Global Maximum Fanout              : 500
Add Generic Clock Buffer(BUFG)     : 16
Register Duplication               : YES
Slice Packing                      : YES
Pack IO Registers into IOBs        : auto
Equivalent register Removal        : YES

---- General Options
Optimization Goal                  : Speed
Optimization Effort                : 1
Keep Hierarchy                     : NO
RTL Output                         : Yes
Global Optimization                : AllClockNets
Write Timing Constraints           : NO
Hierarchy Separator                : /
Bus Delimiter                      : <>
Case Specifier                     : maintain
Slice Utilization Ratio            : 100
Slice Utilization Ratio Delta      : 5

---- Other Options
lso                                : CRC_16_parallel.lso
Read Cores                         : YES
cross_clock_analysis               : NO
verilog2001                        : YES
safe_implementation                : No
Optimize Instantiated Primitives   : NO
tristate2logic                     : Yes
use_clock_enable                   : Yes
use_sync_set                       : Yes
use_sync_reset                     : Yes

=========================================================================


=========================================================================
*                          HDL Compilation                              *
=========================================================================
Compiling verilog file "CRC_16_parallel.v" in library work
Module <CRC_16_parallel> compiled
No errors in compilation
Analysis of file <"CRC_16_parallel.prj"> succeeded.
 

=========================================================================
*                     Design Hierarchy Analysis                         *
=========================================================================
Analyzing hierarchy for module <CRC_16_parallel> in library <work> with parameters.
	compute = "01"
	finish = "10"
	idle = "00"

Building hierarchy successfully finished.

=========================================================================
*                            HDL Analysis                               *
=========================================================================
Analyzing top module <CRC_16_parallel>.
	idle = 2'b00
	compute = 2'b01
	finish = 2'b10
ERROR:Xst:898 - "CRC_16_parallel.v" line 63: The reset or set test condition for <crc_reg> is incompatible with the event declaration in the sensitivity list.
ERROR:Xst:898 - "CRC_16_parallel.v" line 64: The reset or set test condition for <state> is incompatible with the event declaration in the sensitivity list.
ERROR:Xst:898 - "CRC_16_parallel.v" line 65: The reset or set test condition for <count> is incompatible with the event declaration in the sensitivity list.
ERROR:Xst:898 - "CRC_16_parallel.v" line 68: The reset or set test condition for <crc_out> is incompatible with the event declaration in the sensitivity list.
 
Found 4 error(s). Aborting synthesis.
--> 

Total memory usage is 142968 kilobytes

Number of errors   :    4 (   0 filtered)
Number of warnings :    0 (   0 filtered)
Number of infos    :    0 (   0 filtered)

